c:\users\f-tsu\source\repos\windbg\windbg\x64\release\vc145.pdb
c:\users\f-tsu\source\repos\windbg\windbg\x64\release\expr.obj
c:\users\f-tsu\source\repos\windbg\windbg\x64\release\symbols.obj
c:\users\f-tsu\source\repos\windbg\windbg\x64\release\registers.obj
c:\users\f-tsu\source\repos\windbg\windbg\x64\release\memory.obj
c:\users\f-tsu\source\repos\windbg\windbg\x64\release\main.obj
c:\users\f-tsu\source\repos\windbg\windbg\x64\release\leakcheck.obj
c:\users\f-tsu\source\repos\windbg\windbg\x64\release\disasm.obj
c:\users\f-tsu\source\repos\windbg\windbg\x64\release\debugger.obj
c:\users\f-tsu\source\repos\windbg\windbg\x64\release\commands.obj
c:\users\f-tsu\source\repos\windbg\windbg\x64\release\breakpoints.obj
c:\users\f-tsu\source\repos\windbg\x64\release\tdb.exe
c:\users\f-tsu\source\repos\windbg\x64\release\tdb.pdb
c:\users\f-tsu\source\repos\windbg\windbg\x64\release\tdb.ipdb
c:\users\f-tsu\source\repos\windbg\windbg\x64\release\tdb.iobj
c:\users\f-tsu\source\repos\windbg\windbg\x64\release\tdb.tlog\cl.command.1.tlog
c:\users\f-tsu\source\repos\windbg\windbg\x64\release\tdb.tlog\cl.items.tlog
c:\users\f-tsu\source\repos\windbg\windbg\x64\release\tdb.tlog\cl.read.1.tlog
c:\users\f-tsu\source\repos\windbg\windbg\x64\release\tdb.tlog\cl.write.1.tlog
c:\users\f-tsu\source\repos\windbg\windbg\x64\release\tdb.tlog\link.command.1.tlog
c:\users\f-tsu\source\repos\windbg\windbg\x64\release\tdb.tlog\link.read.1.tlog
c:\users\f-tsu\source\repos\windbg\windbg\x64\release\tdb.tlog\link.secondary.1.tlog
c:\users\f-tsu\source\repos\windbg\windbg\x64\release\tdb.tlog\link.write.1.tlog
