c:\users\f-tsu\source\repos\windbg\windbg\x64\debug\vc145.pdb
c:\users\f-tsu\source\repos\windbg\windbg\x64\debug\vc145.idb
c:\users\f-tsu\source\repos\windbg\windbg\x64\debug\expr.obj
c:\users\f-tsu\source\repos\windbg\windbg\x64\debug\symbols.obj
c:\users\f-tsu\source\repos\windbg\windbg\x64\debug\registers.obj
c:\users\f-tsu\source\repos\windbg\windbg\x64\debug\memory.obj
c:\users\f-tsu\source\repos\windbg\windbg\x64\debug\main.obj
c:\users\f-tsu\source\repos\windbg\windbg\x64\debug\leakcheck.obj
c:\users\f-tsu\source\repos\windbg\windbg\x64\debug\disasm.obj
c:\users\f-tsu\source\repos\windbg\windbg\x64\debug\debugger.obj
c:\users\f-tsu\source\repos\windbg\windbg\x64\debug\commands.obj
c:\users\f-tsu\source\repos\windbg\windbg\x64\debug\breakpoints.obj
c:\users\f-tsu\source\repos\windbg\x64\debug\tdb.exe
c:\users\f-tsu\source\repos\windbg\x64\debug\tdb.pdb
c:\users\f-tsu\source\repos\windbg\windbg\x64\debug\tdb.ilk
c:\users\f-tsu\source\repos\windbg\windbg\x64\debug\tdb.tlog\cl.command.1.tlog
c:\users\f-tsu\source\repos\windbg\windbg\x64\debug\tdb.tlog\cl.items.tlog
c:\users\f-tsu\source\repos\windbg\windbg\x64\debug\tdb.tlog\cl.read.1.tlog
c:\users\f-tsu\source\repos\windbg\windbg\x64\debug\tdb.tlog\cl.write.1.tlog
c:\users\f-tsu\source\repos\windbg\windbg\x64\debug\tdb.tlog\link.command.1.tlog
c:\users\f-tsu\source\repos\windbg\windbg\x64\debug\tdb.tlog\link.read.1.tlog
c:\users\f-tsu\source\repos\windbg\windbg\x64\debug\tdb.tlog\link.secondary.1.tlog
c:\users\f-tsu\source\repos\windbg\windbg\x64\debug\tdb.tlog\link.write.1.tlog
